[debug] [2023-12-15T03:05:11.509Z] ----------------------------------------------------------------------
[debug] [2023-12-15T03:05:11.512Z] Command:       C:\Program Files\nodejs\node.exe C:\Users\bobvi\AppData\Roaming\npm\node_modules\firebase-tools\lib\bin\firebase.js emulators:start
[debug] [2023-12-15T03:05:11.512Z] CLI Version:   12.7.0
[debug] [2023-12-15T03:05:11.512Z] Platform:      win32
[debug] [2023-12-15T03:05:11.512Z] Node Version:  v20.10.0
[debug] [2023-12-15T03:05:11.512Z] Time:          Fri Dec 15 2023 08:35:11 GMT+0530 (India Standard Time)
[debug] [2023-12-15T03:05:11.512Z] ----------------------------------------------------------------------
[debug] 
[debug] [2023-12-15T03:05:11.612Z] > command requires scopes: ["email","openid","https://www.googleapis.com/auth/cloudplatformprojects.readonly","https://www.googleapis.com/auth/firebase","https://www.googleapis.com/auth/cloud-platform"]
[debug] [2023-12-15T03:05:11.612Z] > authorizing via signed-in user (bobvik2003@gmail.com)
[debug] [2023-12-15T03:05:11.694Z] java version "21" 2023-09-19 LTS
Java(TM) SE Runtime Environment (build 21+35-LTS-2513)

[debug] [2023-12-15T03:05:11.695Z] Java HotSpot(TM) 64-Bit Server VM (build 21+35-LTS-2513, mixed mode, sharing)

[debug] [2023-12-15T03:05:11.726Z] Parsed Java major version: 21
[info] i  emulators: Starting emulators: functions, firestore, hosting {"metadata":{"emulator":{"name":"hub"},"message":"Starting emulators: functions, firestore, hosting"}}
[debug] [2023-12-15T03:05:11.737Z] [logging] Logging Emulator only supports listening on one address (127.0.0.1). Not listening on ::1
[debug] [2023-12-15T03:05:11.737Z] [firestore] Firestore Emulator only supports listening on one address (127.0.0.1). Not listening on ::1
[debug] [2023-12-15T03:05:11.737Z] [hosting] Hosting Emulator only supports listening on one address (127.0.0.1). Not listening on ::1
[debug] [2023-12-15T03:05:11.738Z] [firestore.websocket] websocket server for firestore only supports listening on one address (127.0.0.1). Not listening on ::1
[debug] [2023-12-15T03:05:11.738Z] assigned listening specs for emulators {"user":{"hub":[{"address":"127.0.0.1","family":"IPv4","port":4400},{"address":"::1","family":"IPv6","port":4400}],"ui":[{"address":"127.0.0.1","family":"IPv4","port":4007},{"address":"::1","family":"IPv6","port":4007}],"logging":[{"address":"127.0.0.1","family":"IPv4","port":4500}],"firestore":[{"address":"127.0.0.1","family":"IPv4","port":8081}],"hosting":[{"address":"127.0.0.1","family":"IPv4","port":5000}],"firestore.websocket":[{"address":"127.0.0.1","family":"IPv4","port":9151}]},"metadata":{"message":"assigned listening specs for emulators"}}
[debug] [2023-12-15T03:05:11.746Z] [hub] writing locator at C:\Users\bobvi\AppData\Local\Temp\hub-clone-88808.json
[debug] [2023-12-15T03:05:11.755Z] [functions] Functions Emulator only supports listening on one address (127.0.0.1). Not listening on ::1
[debug] [2023-12-15T03:05:11.755Z] [eventarc] Eventarc Emulator only supports listening on one address (127.0.0.1). Not listening on ::1
[debug] [2023-12-15T03:05:11.755Z] late-assigned ports for functions and eventarc emulators {"user":{"hub":[{"address":"127.0.0.1","family":"IPv4","port":4400},{"address":"::1","family":"IPv6","port":4400}],"ui":[{"address":"127.0.0.1","family":"IPv4","port":4007},{"address":"::1","family":"IPv6","port":4007}],"logging":[{"address":"127.0.0.1","family":"IPv4","port":4500}],"firestore":[{"address":"127.0.0.1","family":"IPv4","port":8081}],"hosting":[{"address":"127.0.0.1","family":"IPv4","port":5000}],"firestore.websocket":[{"address":"127.0.0.1","family":"IPv4","port":9151}],"functions":[{"address":"127.0.0.1","family":"IPv4","port":5001}],"eventarc":[{"address":"127.0.0.1","family":"IPv4","port":9299}]},"metadata":{"message":"late-assigned ports for functions and eventarc emulators"}}
[warn] !  functions: The following emulators are not running, calls to these services from the Functions emulator will affect production: auth, database, pubsub, storage {"metadata":{"emulator":{"name":"functions"},"message":"The following emulators are not running, calls to these services from the Functions emulator will affect production: \u001b[1mauth, database, pubsub, storage\u001b[22m"}}
[debug] [2023-12-15T03:05:11.758Z] defaultcredentials: writing to file D:\Users\bobvi\AppData\Roaming\firebase\bobvik2003_gmail_com_application_default_credentials.json
[debug] [2023-12-15T03:05:11.760Z] Setting GAC to D:\Users\bobvi\AppData\Roaming\firebase\bobvik2003_gmail_com_application_default_credentials.json {"metadata":{"emulator":{"name":"functions"},"message":"Setting GAC to D:\\Users\\bobvi\\AppData\\Roaming\\firebase\\bobvik2003_gmail_com_application_default_credentials.json"}}
[debug] [2023-12-15T03:05:11.761Z] >>> [apiv2][query] GET https://firebase.googleapis.com/v1beta1/projects/clone-88808/adminSdkConfig [none]
[debug] [2023-12-15T03:05:12.616Z] <<< [apiv2][status] GET https://firebase.googleapis.com/v1beta1/projects/clone-88808/adminSdkConfig 200
[debug] [2023-12-15T03:05:12.616Z] <<< [apiv2][body] GET https://firebase.googleapis.com/v1beta1/projects/clone-88808/adminSdkConfig {"projectId":"clone-88808","storageBucket":"clone-88808.appspot.com"}
[warn] !  firestore: Cloud Firestore Emulator does not support multiple databases yet. {"metadata":{"emulator":{"name":"firestore"},"message":"Cloud Firestore Emulator does not support multiple databases yet."}}
[warn] !  firestore: Did not find a Cloud Firestore rules file specified in a firebase.json config file. {"metadata":{"emulator":{"name":"firestore"},"message":"Did not find a Cloud Firestore rules file specified in a firebase.json config file."}}
[warn] !  firestore: The emulator will default to allowing all reads and writes. Learn more about this option: https://firebase.google.com/docs/emulator-suite/install_and_configure#security_rules_configuration. {"metadata":{"emulator":{"name":"firestore"},"message":"The emulator will default to allowing all reads and writes. Learn more about this option: https://firebase.google.com/docs/emulator-suite/install_and_configure#security_rules_configuration."}}
[debug] [2023-12-15T03:05:12.659Z] Ignoring unsupported arg: auto_download {"metadata":{"emulator":{"name":"firestore"},"message":"Ignoring unsupported arg: auto_download"}}
[debug] [2023-12-15T03:05:12.659Z] Ignoring unsupported arg: single_project_mode_error {"metadata":{"emulator":{"name":"firestore"},"message":"Ignoring unsupported arg: single_project_mode_error"}}
[debug] [2023-12-15T03:05:12.659Z] Starting Firestore Emulator with command {"binary":"java","args":["-Dgoogle.cloud_firestore.debug_log_level=FINE","-Duser.language=en","-jar","C:\\Users\\bobvi\\.cache\\firebase\\emulators\\cloud-firestore-emulator-v1.18.2.jar","--host","127.0.0.1","--port",8081,"--websocket_port",9151,"--project_id","clone-88808","--single_project_mode",true,"--functions_emulator","127.0.0.1:5001"],"optionalArgs":["port","webchannel_port","host","rules","websocket_port","functions_emulator","seed_from_export","project_id","single_project_mode"],"joinArgs":false} {"metadata":{"emulator":{"name":"firestore"},"message":"Starting Firestore Emulator with command {\"binary\":\"java\",\"args\":[\"-Dgoogle.cloud_firestore.debug_log_level=FINE\",\"-Duser.language=en\",\"-jar\",\"C:\\\\Users\\\\bobvi\\\\.cache\\\\firebase\\\\emulators\\\\cloud-firestore-emulator-v1.18.2.jar\",\"--host\",\"127.0.0.1\",\"--port\",8081,\"--websocket_port\",9151,\"--project_id\",\"clone-88808\",\"--single_project_mode\",true,\"--functions_emulator\",\"127.0.0.1:5001\"],\"optionalArgs\":[\"port\",\"webchannel_port\",\"host\",\"rules\",\"websocket_port\",\"functions_emulator\",\"seed_from_export\",\"project_id\",\"single_project_mode\"],\"joinArgs\":false}"}}
[info] i  firestore: Firestore Emulator logging to firestore-debug.log {"metadata":{"emulator":{"name":"firestore"},"message":"Firestore Emulator logging to \u001b[1mfirestore-debug.log\u001b[22m"}}
[info] +  firestore: Firestore Emulator UI websocket is running on 9151. {"metadata":{"emulator":{"name":"firestore"},"message":"Firestore Emulator UI websocket is running on 9151."}}
[debug] [2023-12-15T03:05:14.306Z] >>> [apiv2][query] GET https://firebasehosting.googleapis.com/v1beta1/projects/clone-88808/sites 
[debug] [2023-12-15T03:05:14.316Z] *** [apiv2] error from fetch(https://firebasehosting.googleapis.com/v1beta1/projects/clone-88808/sites, {"headers":{},"method":"GET"}): FetchError: request to https://firebasehosting.googleapis.com/v1beta1/projects/clone-88808/sites failed, reason: getaddrinfo ENOTFOUND firebasehosting.googleapis.com
[debug] [2023-12-15T03:05:14.317Z] Failed to list hosting sites
[debug] Failed to make request to https://firebasehosting.googleapis.com/v1beta1/projects/clone-88808/sites
[debug] [2023-12-15T03:05:14.318Z] >>> [apiv2][query] GET https://firebase.googleapis.com/v1beta1/projects/clone-88808/webApps/-/config [none]
[debug] [2023-12-15T03:05:14.885Z] <<< [apiv2][status] GET https://firebase.googleapis.com/v1beta1/projects/clone-88808/webApps/-/config 200
[debug] [2023-12-15T03:05:14.885Z] <<< [apiv2][body] GET https://firebase.googleapis.com/v1beta1/projects/clone-88808/webApps/-/config {"projectId":"clone-88808","appId":"1:390387158652:web:7a83ef231f10ce00df83f9","storageBucket":"clone-88808.appspot.com","apiKey":"AIzaSyCOP_YhakzvkBcdeJFVsv7eexUScRAruwc","authDomain":"clone-88808.firebaseapp.com","messagingSenderId":"390387158652","measurementId":"G-RC4HS4F6VG"}
[debug] [2023-12-15T03:05:14.895Z] >>> [apiv2][query] GET https://firebase.googleapis.com/v1beta1/projects/clone-88808 [none]
[debug] [2023-12-15T03:05:16.142Z] <<< [apiv2][status] GET https://firebase.googleapis.com/v1beta1/projects/clone-88808 200
[debug] [2023-12-15T03:05:16.142Z] <<< [apiv2][body] GET https://firebase.googleapis.com/v1beta1/projects/clone-88808 {"projectId":"clone-88808","projectNumber":"390387158652","displayName":"AmazonClone","name":"projects/clone-88808","resources":{"hostingSite":"clone-88808"},"state":"ACTIVE","etag":"1_e6933a16-4b0c-4ce1-a82e-214dd0459c59"}
[debug] [2023-12-15T03:05:16.145Z] Specified "public" directory "build" does not exist; Deploy to Hosting site "clone-88808" may fail or be empty.
[info] i  hosting[clone-88808]: Serving hosting files from: build {"metadata":{"emulator":{"name":"hosting"},"message":"Serving hosting files from: \u001b[1mbuild\u001b[22m"}}
[info] +  hosting[clone-88808]: Local server: http://127.0.0.1:5000 {"metadata":{"emulator":{"name":"hosting"},"message":"Local server: \u001b[4m\u001b[1mhttp://127.0.0.1:5000\u001b[22m\u001b[24m"}}
[debug] [2023-12-15T03:05:16.192Z] Ignoring unsupported arg: auto_download {"metadata":{"emulator":{"name":"ui"},"message":"Ignoring unsupported arg: auto_download"}}
[debug] [2023-12-15T03:05:16.193Z] Ignoring unsupported arg: port {"metadata":{"emulator":{"name":"ui"},"message":"Ignoring unsupported arg: port"}}
[debug] [2023-12-15T03:05:16.193Z] Starting Emulator UI with command {"binary":"node","args":["C:\\Users\\bobvi\\.cache\\firebase\\emulators\\ui-v1.11.7\\server\\server.js"],"optionalArgs":[],"joinArgs":false} {"metadata":{"emulator":{"name":"ui"},"message":"Starting Emulator UI with command {\"binary\":\"node\",\"args\":[\"C:\\\\Users\\\\bobvi\\\\.cache\\\\firebase\\\\emulators\\\\ui-v1.11.7\\\\server\\\\server.js\"],\"optionalArgs\":[],\"joinArgs\":false}"}}
[info] i  ui: Emulator UI logging to ui-debug.log {"metadata":{"emulator":{"name":"ui"},"message":"Emulator UI logging to \u001b[1mui-debug.log\u001b[22m"}}
[debug] [2023-12-15T03:05:16.433Z] Web / API server started at 127.0.0.1:4007
 {"metadata":{"emulator":{"name":"ui"},"message":"Web / API server started at 127.0.0.1:4007\n"}}
[debug] [2023-12-15T03:05:16.434Z] Web / API server started at ::1:4007
 {"metadata":{"emulator":{"name":"ui"},"message":"Web / API server started at ::1:4007\n"}}
[info] i  functions: Watching "D:\SKILLS\WEB DEV\amazon_clone\ecommerce_backend" for Cloud Functions... {"metadata":{"emulator":{"name":"functions"},"message":"Watching \"D:\\SKILLS\\WEB DEV\\amazon_clone\\ecommerce_backend\" for Cloud Functions..."}}
[debug] [2023-12-15T03:05:16.477Z] Validating nodejs source
[warn] !  functions: package.json indicates an outdated version of firebase-functions. Please upgrade using npm install --save firebase-functions@latest in your functions directory. 
[debug] [2023-12-15T03:05:18.031Z] > [functions] package.json contents: {
  "name": "functions",
  "description": "Cloud Functions for Firebase",
  "scripts": {
    "lint": "eslint .",
    "serve": "firebase emulators:start --only functions",
    "shell": "firebase functions:shell",
    "start": "npm run shell",
    "deploy": "firebase deploy --only functions",
    "logs": "firebase functions:log"
  },
  "engines": {
    "node": "18"
  },
  "main": "index.js",
  "dependencies": {
    "firebase-admin": "^11.8.0",
    "firebase-functions": "^4.3.1"
  },
  "devDependencies": {
    "eslint": "^8.15.0",
    "eslint-config-google": "^0.14.0",
    "firebase-functions-test": "^3.1.0"
  },
  "private": true
}
[debug] [2023-12-15T03:05:18.032Z] Building nodejs source
[debug] [2023-12-15T03:05:18.033Z] Failed to find version of module node: reached end of search path D:\SKILLS\WEB DEV\amazon_clone\ecommerce_backend\node_modules
[warn] !  functions: Your requested "node" version "18" doesn't match your global version "20". Using node@20 from host. 
[debug] [2023-12-15T03:05:18.039Z] Could not find functions.yaml. Must use http discovery
[debug] [2023-12-15T03:05:18.064Z] Found firebase-functions binary at 'D:\SKILLS\WEB DEV\amazon_clone\ecommerce_backend\node_modules\.bin\firebase-functions'
[info] Serving at port 8944

[debug] [2023-12-15T03:05:18.529Z] Got response from /__/functions.yaml {"endpoints":{"api":{"platform":"gcfv1","availableMemoryMb":null,"timeoutSeconds":null,"minInstances":null,"maxInstances":null,"ingressSettings":null,"serviceAccountEmail":null,"vpc":null,"httpsTrigger":{},"entryPoint":"api"}},"specVersion":"v1alpha1","requiredAPIs":[]}
[info] shutdown requested via /__/quitquitquit

[info] +  functions: Loaded functions definitions from source: api. {"metadata":{"emulator":{"name":"functions"},"message":"Loaded functions definitions from source: api."}}
[info] +  functions[us-central1-api]: http function initialized (http://127.0.0.1:5001/clone-88808/us-central1/api). {"metadata":{"emulator":{"name":"functions"},"message":"\u001b[1mhttp\u001b[22m function initialized (http://127.0.0.1:5001/clone-88808/us-central1/api)."}}
[info] i  functions: Watching "D:\SKILLS\WEB DEV\amazon_clone\shopito" for Cloud Functions... {"metadata":{"emulator":{"name":"functions"},"message":"Watching \"D:\\SKILLS\\WEB DEV\\amazon_clone\\shopito\" for Cloud Functions..."}}
[error] !!  functions: Failed to load function definition from source: FirebaseError: could not deploy functions because the "shopito" directory was not found. Please create it or specify a different source directory in firebase.json {"metadata":{"emulator":{"name":"functions"},"message":"Failed to load function definition from source: FirebaseError: could not deploy functions because the \u001b[1m\"shopito\"\u001b[22m directory was not found. Please create it or specify a different source directory in firebase.json"}}
[info] 
┌─────────────────────────────────────────────────────────────┐
│ ✔  All emulators ready! It is now safe to connect your app. │
│ i  View Emulator UI at http://127.0.0.1:4007/               │
└─────────────────────────────────────────────────────────────┘

┌───────────┬────────────────┬─────────────────────────────────┐
│ Emulator  │ Host:Port      │ View in Emulator UI             │
├───────────┼────────────────┼─────────────────────────────────┤
│ Functions │ 127.0.0.1:5001 │ http://127.0.0.1:4007/functions │
├───────────┼────────────────┼─────────────────────────────────┤
│ Firestore │ 127.0.0.1:8081 │ http://127.0.0.1:4007/firestore │
├───────────┼────────────────┼─────────────────────────────────┤
│ Hosting   │ 127.0.0.1:5000 │ n/a                             │
└───────────┴────────────────┴─────────────────────────────────┘
  Emulator Hub running at 127.0.0.1:4400
  Other reserved ports: 4500, 9151

Issues? Report them at https://github.com/firebase/firebase-tools/issues and attach the *-debug.log files.
 
[debug] [2023-12-15T03:06:30.231Z] [work-queue] {"queuedWork":["/clone-88808/us-central1/api/payments/create-2023-12-15T03:06:30.231Z"],"queueLength":1,"runningWork":[],"workRunningCount":0}
[debug] [2023-12-15T03:06:30.233Z] [work-queue] {"queuedWork":[],"queueLength":0,"runningWork":["/clone-88808/us-central1/api/payments/create-2023-12-15T03:06:30.231Z"],"workRunningCount":1}
[debug] [2023-12-15T03:06:30.235Z] Accepted request POST /clone-88808/us-central1/api/payments/create?total=75348 --> us-central1-api
[debug] [2023-12-15T03:06:30.243Z] [functions] Runtime ready! Sending request! {"metadata":{"emulator":{"name":"functions"},"message":"[functions] Runtime ready! Sending request!"}}
[debug] [2023-12-15T03:06:30.245Z] [functions] Got req.url=/clone-88808/us-central1/api/payments/create?total=75348, mapping to path=/payments/create?total=75348 {"metadata":{"emulator":{"name":"functions"},"message":"[functions] Got req.url=/clone-88808/us-central1/api/payments/create?total=75348, mapping to path=/payments/create?total=75348"}}
[debug] [2023-12-15T03:06:30.267Z] [worker-pool] addWorker(us-central1-api) {"metadata":{"emulator":{"name":"functions"},"message":"[worker-pool] addWorker(us-central1-api)"}}
[debug] [2023-12-15T03:06:30.269Z] [worker-pool] Adding worker with key us-central1-api, total=1 {"metadata":{"emulator":{"name":"functions"},"message":"[worker-pool] Adding worker with key us-central1-api, total=1"}}
[debug] [2023-12-15T03:06:30.275Z] [work-queue] {"queuedWork":["/clone-88808/us-central1/api/payments/create-2023-12-15T03:06:30.274Z"],"queueLength":1,"runningWork":["/clone-88808/us-central1/api/payments/create-2023-12-15T03:06:30.231Z"],"workRunningCount":1}
[debug] [2023-12-15T03:06:30.275Z] [work-queue] {"queuedWork":[],"queueLength":0,"runningWork":["/clone-88808/us-central1/api/payments/create-2023-12-15T03:06:30.231Z","/clone-88808/us-central1/api/payments/create-2023-12-15T03:06:30.274Z"],"workRunningCount":2}
[debug] [2023-12-15T03:06:30.275Z] Accepted request POST /clone-88808/us-central1/api/payments/create?total=75348 --> us-central1-api
[debug] [2023-12-15T03:06:30.279Z] [functions] Runtime ready! Sending request! {"metadata":{"emulator":{"name":"functions"},"message":"[functions] Runtime ready! Sending request!"}}
[debug] [2023-12-15T03:06:30.280Z] [functions] Got req.url=/clone-88808/us-central1/api/payments/create?total=75348, mapping to path=/payments/create?total=75348 {"metadata":{"emulator":{"name":"functions"},"message":"[functions] Got req.url=/clone-88808/us-central1/api/payments/create?total=75348, mapping to path=/payments/create?total=75348"}}
[debug] [2023-12-15T03:06:30.290Z] [worker-pool] addWorker(us-central1-api) {"metadata":{"emulator":{"name":"functions"},"message":"[worker-pool] addWorker(us-central1-api)"}}
[debug] [2023-12-15T03:06:30.291Z] [worker-pool] Adding worker with key us-central1-api, total=2 {"metadata":{"emulator":{"name":"functions"},"message":"[worker-pool] Adding worker with key us-central1-api, total=2"}}
[debug] [2023-12-15T03:06:31.344Z] [runtime-status] [16544] Resolved module firebase-admin {"declared":true,"installed":true,"version":"11.11.0","resolution":"D:\\SKILLS\\WEB DEV\\amazon_clone\\ecommerce_backend\\node_modules\\firebase-admin\\lib\\index.js"} {"metadata":{"emulator":{"name":"functions"},"function":{"name":"us-central1-api"},"extension":{},"message":"[runtime-status] [16544] Resolved module firebase-admin {\"declared\":true,\"installed\":true,\"version\":\"11.11.0\",\"resolution\":\"D:\\\\SKILLS\\\\WEB DEV\\\\amazon_clone\\\\ecommerce_backend\\\\node_modules\\\\firebase-admin\\\\lib\\\\index.js\"}"}}
[debug] [2023-12-15T03:06:31.344Z] [runtime-status] [19200] Resolved module firebase-admin {"declared":true,"installed":true,"version":"11.11.0","resolution":"D:\\SKILLS\\WEB DEV\\amazon_clone\\ecommerce_backend\\node_modules\\firebase-admin\\lib\\index.js"} {"metadata":{"emulator":{"name":"functions"},"function":{"name":"us-central1-api"},"extension":{},"message":"[runtime-status] [19200] Resolved module firebase-admin {\"declared\":true,\"installed\":true,\"version\":\"11.11.0\",\"resolution\":\"D:\\\\SKILLS\\\\WEB DEV\\\\amazon_clone\\\\ecommerce_backend\\\\node_modules\\\\firebase-admin\\\\lib\\\\index.js\"}"}}
[debug] [2023-12-15T03:06:31.344Z] [runtime-status] [16544] Resolved module firebase-functions {"declared":true,"installed":true,"version":"4.4.1","resolution":"D:\\SKILLS\\WEB DEV\\amazon_clone\\ecommerce_backend\\node_modules\\firebase-functions\\lib\\v1\\index.js"} {"metadata":{"emulator":{"name":"functions"},"function":{"name":"us-central1-api"},"extension":{},"message":"[runtime-status] [16544] Resolved module firebase-functions {\"declared\":true,\"installed\":true,\"version\":\"4.4.1\",\"resolution\":\"D:\\\\SKILLS\\\\WEB DEV\\\\amazon_clone\\\\ecommerce_backend\\\\node_modules\\\\firebase-functions\\\\lib\\\\v1\\\\index.js\"}"}}
[debug] [2023-12-15T03:06:31.345Z] [runtime-status] [19200] Resolved module firebase-functions {"declared":true,"installed":true,"version":"4.4.1","resolution":"D:\\SKILLS\\WEB DEV\\amazon_clone\\ecommerce_backend\\node_modules\\firebase-functions\\lib\\v1\\index.js"} {"metadata":{"emulator":{"name":"functions"},"function":{"name":"us-central1-api"},"extension":{},"message":"[runtime-status] [19200] Resolved module firebase-functions {\"declared\":true,\"installed\":true,\"version\":\"4.4.1\",\"resolution\":\"D:\\\\SKILLS\\\\WEB DEV\\\\amazon_clone\\\\ecommerce_backend\\\\node_modules\\\\firebase-functions\\\\lib\\\\v1\\\\index.js\"}"}}
[debug] [2023-12-15T03:06:31.345Z] [runtime-status] [16544] Outgoing network have been stubbed. [{"name":"http","status":"mocked"},{"name":"http","status":"mocked"},{"name":"https","status":"mocked"},{"name":"https","status":"mocked"},{"name":"net","status":"mocked"}] {"metadata":{"emulator":{"name":"functions"},"function":{"name":"us-central1-api"},"extension":{},"message":"[runtime-status] [16544] Outgoing network have been stubbed. [{\"name\":\"http\",\"status\":\"mocked\"},{\"name\":\"http\",\"status\":\"mocked\"},{\"name\":\"https\",\"status\":\"mocked\"},{\"name\":\"https\",\"status\":\"mocked\"},{\"name\":\"net\",\"status\":\"mocked\"}]"}}
[debug] [2023-12-15T03:06:31.345Z] [runtime-status] [19200] Outgoing network have been stubbed. [{"name":"http","status":"mocked"},{"name":"http","status":"mocked"},{"name":"https","status":"mocked"},{"name":"https","status":"mocked"},{"name":"net","status":"mocked"}] {"metadata":{"emulator":{"name":"functions"},"function":{"name":"us-central1-api"},"extension":{},"message":"[runtime-status] [19200] Outgoing network have been stubbed. [{\"name\":\"http\",\"status\":\"mocked\"},{\"name\":\"http\",\"status\":\"mocked\"},{\"name\":\"https\",\"status\":\"mocked\"},{\"name\":\"https\",\"status\":\"mocked\"},{\"name\":\"net\",\"status\":\"mocked\"}]"}}
[debug] [2023-12-15T03:06:31.345Z] [runtime-status] [16544] Resolved module firebase-functions {"declared":true,"installed":true,"version":"4.4.1","resolution":"D:\\SKILLS\\WEB DEV\\amazon_clone\\ecommerce_backend\\node_modules\\firebase-functions\\lib\\v1\\index.js"} {"metadata":{"emulator":{"name":"functions"},"function":{"name":"us-central1-api"},"extension":{},"message":"[runtime-status] [16544] Resolved module firebase-functions {\"declared\":true,\"installed\":true,\"version\":\"4.4.1\",\"resolution\":\"D:\\\\SKILLS\\\\WEB DEV\\\\amazon_clone\\\\ecommerce_backend\\\\node_modules\\\\firebase-functions\\\\lib\\\\v1\\\\index.js\"}"}}
[debug] [2023-12-15T03:06:31.346Z] [runtime-status] [19200] Resolved module firebase-functions {"declared":true,"installed":true,"version":"4.4.1","resolution":"D:\\SKILLS\\WEB DEV\\amazon_clone\\ecommerce_backend\\node_modules\\firebase-functions\\lib\\v1\\index.js"} {"metadata":{"emulator":{"name":"functions"},"function":{"name":"us-central1-api"},"extension":{},"message":"[runtime-status] [19200] Resolved module firebase-functions {\"declared\":true,\"installed\":true,\"version\":\"4.4.1\",\"resolution\":\"D:\\\\SKILLS\\\\WEB DEV\\\\amazon_clone\\\\ecommerce_backend\\\\node_modules\\\\firebase-functions\\\\lib\\\\v1\\\\index.js\"}"}}
[debug] [2023-12-15T03:06:31.543Z] [runtime-status] [19200] Checked functions.config() {"config":{}} {"metadata":{"emulator":{"name":"functions"},"function":{"name":"us-central1-api"},"extension":{},"message":"[runtime-status] [19200] Checked functions.config() {\"config\":{}}"}}
[debug] [2023-12-15T03:06:31.543Z] [runtime-status] [16544] Checked functions.config() {"config":{}} {"metadata":{"emulator":{"name":"functions"},"function":{"name":"us-central1-api"},"extension":{},"message":"[runtime-status] [16544] Checked functions.config() {\"config\":{}}"}}
[debug] [2023-12-15T03:06:31.543Z] [runtime-status] [16544] firebase-functions has been stubbed. {"functionsResolution":{"declared":true,"installed":true,"version":"4.4.1","resolution":"D:\\SKILLS\\WEB DEV\\amazon_clone\\ecommerce_backend\\node_modules\\firebase-functions\\lib\\v1\\index.js"}} {"metadata":{"emulator":{"name":"functions"},"function":{"name":"us-central1-api"},"extension":{},"message":"[runtime-status] [16544] firebase-functions has been stubbed. {\"functionsResolution\":{\"declared\":true,\"installed\":true,\"version\":\"4.4.1\",\"resolution\":\"D:\\\\SKILLS\\\\WEB DEV\\\\amazon_clone\\\\ecommerce_backend\\\\node_modules\\\\firebase-functions\\\\lib\\\\v1\\\\index.js\"}}"}}
[debug] [2023-12-15T03:06:31.544Z] [runtime-status] [19200] firebase-functions has been stubbed. {"functionsResolution":{"declared":true,"installed":true,"version":"4.4.1","resolution":"D:\\SKILLS\\WEB DEV\\amazon_clone\\ecommerce_backend\\node_modules\\firebase-functions\\lib\\v1\\index.js"}} {"metadata":{"emulator":{"name":"functions"},"function":{"name":"us-central1-api"},"extension":{},"message":"[runtime-status] [19200] firebase-functions has been stubbed. {\"functionsResolution\":{\"declared\":true,\"installed\":true,\"version\":\"4.4.1\",\"resolution\":\"D:\\\\SKILLS\\\\WEB DEV\\\\amazon_clone\\\\ecommerce_backend\\\\node_modules\\\\firebase-functions\\\\lib\\\\v1\\\\index.js\"}}"}}
[debug] [2023-12-15T03:06:31.544Z] [runtime-status] [19200] Resolved module firebase-functions {"declared":true,"installed":true,"version":"4.4.1","resolution":"D:\\SKILLS\\WEB DEV\\amazon_clone\\ecommerce_backend\\node_modules\\firebase-functions\\lib\\v1\\index.js"} {"metadata":{"emulator":{"name":"functions"},"function":{"name":"us-central1-api"},"extension":{},"message":"[runtime-status] [19200] Resolved module firebase-functions {\"declared\":true,\"installed\":true,\"version\":\"4.4.1\",\"resolution\":\"D:\\\\SKILLS\\\\WEB DEV\\\\amazon_clone\\\\ecommerce_backend\\\\node_modules\\\\firebase-functions\\\\lib\\\\v1\\\\index.js\"}"}}
[debug] [2023-12-15T03:06:31.544Z] [runtime-status] [16544] Resolved module firebase-functions {"declared":true,"installed":true,"version":"4.4.1","resolution":"D:\\SKILLS\\WEB DEV\\amazon_clone\\ecommerce_backend\\node_modules\\firebase-functions\\lib\\v1\\index.js"} {"metadata":{"emulator":{"name":"functions"},"function":{"name":"us-central1-api"},"extension":{},"message":"[runtime-status] [16544] Resolved module firebase-functions {\"declared\":true,\"installed\":true,\"version\":\"4.4.1\",\"resolution\":\"D:\\\\SKILLS\\\\WEB DEV\\\\amazon_clone\\\\ecommerce_backend\\\\node_modules\\\\firebase-functions\\\\lib\\\\v1\\\\index.js\"}"}}
[debug] [2023-12-15T03:06:31.544Z] [runtime-status] [19200] Resolved module firebase-admin {"declared":true,"installed":true,"version":"11.11.0","resolution":"D:\\SKILLS\\WEB DEV\\amazon_clone\\ecommerce_backend\\node_modules\\firebase-admin\\lib\\index.js"} {"metadata":{"emulator":{"name":"functions"},"function":{"name":"us-central1-api"},"extension":{},"message":"[runtime-status] [19200] Resolved module firebase-admin {\"declared\":true,\"installed\":true,\"version\":\"11.11.0\",\"resolution\":\"D:\\\\SKILLS\\\\WEB DEV\\\\amazon_clone\\\\ecommerce_backend\\\\node_modules\\\\firebase-admin\\\\lib\\\\index.js\"}"}}
[debug] [2023-12-15T03:06:31.544Z] [runtime-status] [16544] Resolved module firebase-admin {"declared":true,"installed":true,"version":"11.11.0","resolution":"D:\\SKILLS\\WEB DEV\\amazon_clone\\ecommerce_backend\\node_modules\\firebase-admin\\lib\\index.js"} {"metadata":{"emulator":{"name":"functions"},"function":{"name":"us-central1-api"},"extension":{},"message":"[runtime-status] [16544] Resolved module firebase-admin {\"declared\":true,\"installed\":true,\"version\":\"11.11.0\",\"resolution\":\"D:\\\\SKILLS\\\\WEB DEV\\\\amazon_clone\\\\ecommerce_backend\\\\node_modules\\\\firebase-admin\\\\lib\\\\index.js\"}"}}
[debug] [2023-12-15T03:06:31.546Z] [runtime-status] [19200] Resolved module firebase-functions {"declared":true,"installed":true,"version":"4.4.1","resolution":"D:\\SKILLS\\WEB DEV\\amazon_clone\\ecommerce_backend\\node_modules\\firebase-functions\\lib\\v1\\index.js"} {"metadata":{"emulator":{"name":"functions"},"function":{"name":"us-central1-api"},"extension":{},"message":"[runtime-status] [19200] Resolved module firebase-functions {\"declared\":true,\"installed\":true,\"version\":\"4.4.1\",\"resolution\":\"D:\\\\SKILLS\\\\WEB DEV\\\\amazon_clone\\\\ecommerce_backend\\\\node_modules\\\\firebase-functions\\\\lib\\\\v1\\\\index.js\"}"}}
[debug] [2023-12-15T03:06:31.546Z] [runtime-status] [16544] Resolved module firebase-functions {"declared":true,"installed":true,"version":"4.4.1","resolution":"D:\\SKILLS\\WEB DEV\\amazon_clone\\ecommerce_backend\\node_modules\\firebase-functions\\lib\\v1\\index.js"} {"metadata":{"emulator":{"name":"functions"},"function":{"name":"us-central1-api"},"extension":{},"message":"[runtime-status] [16544] Resolved module firebase-functions {\"declared\":true,\"installed\":true,\"version\":\"4.4.1\",\"resolution\":\"D:\\\\SKILLS\\\\WEB DEV\\\\amazon_clone\\\\ecommerce_backend\\\\node_modules\\\\firebase-functions\\\\lib\\\\v1\\\\index.js\"}"}}
[debug] [2023-12-15T03:06:31.546Z] [runtime-status] [16544] firebase-admin has been stubbed. {"adminResolution":{"declared":true,"installed":true,"version":"11.11.0","resolution":"D:\\SKILLS\\WEB DEV\\amazon_clone\\ecommerce_backend\\node_modules\\firebase-admin\\lib\\index.js"}} {"metadata":{"emulator":{"name":"functions"},"function":{"name":"us-central1-api"},"extension":{},"message":"[runtime-status] [16544] firebase-admin has been stubbed. {\"adminResolution\":{\"declared\":true,\"installed\":true,\"version\":\"11.11.0\",\"resolution\":\"D:\\\\SKILLS\\\\WEB DEV\\\\amazon_clone\\\\ecommerce_backend\\\\node_modules\\\\firebase-admin\\\\lib\\\\index.js\"}}"}}
[debug] [2023-12-15T03:06:31.546Z] [runtime-status] [19200] firebase-admin has been stubbed. {"adminResolution":{"declared":true,"installed":true,"version":"11.11.0","resolution":"D:\\SKILLS\\WEB DEV\\amazon_clone\\ecommerce_backend\\node_modules\\firebase-admin\\lib\\index.js"}} {"metadata":{"emulator":{"name":"functions"},"function":{"name":"us-central1-api"},"extension":{},"message":"[runtime-status] [19200] firebase-admin has been stubbed. {\"adminResolution\":{\"declared\":true,\"installed\":true,\"version\":\"11.11.0\",\"resolution\":\"D:\\\\SKILLS\\\\WEB DEV\\\\amazon_clone\\\\ecommerce_backend\\\\node_modules\\\\firebase-admin\\\\lib\\\\index.js\"}}"}}
[debug] [2023-12-15T03:06:31.691Z] [runtime-status] [16544] Functions runtime initialized. {"cwd":"D:\\SKILLS\\WEB DEV\\amazon_clone\\ecommerce_backend","node_version":"20.10.0"} {"metadata":{"emulator":{"name":"functions"},"function":{"name":"us-central1-api"},"extension":{},"message":"[runtime-status] [16544] Functions runtime initialized. {\"cwd\":\"D:\\\\SKILLS\\\\WEB DEV\\\\amazon_clone\\\\ecommerce_backend\",\"node_version\":\"20.10.0\"}"}}
[debug] [2023-12-15T03:06:31.691Z] [runtime-status] [19200] Functions runtime initialized. {"cwd":"D:\\SKILLS\\WEB DEV\\amazon_clone\\ecommerce_backend","node_version":"20.10.0"} {"metadata":{"emulator":{"name":"functions"},"function":{"name":"us-central1-api"},"extension":{},"message":"[runtime-status] [19200] Functions runtime initialized. {\"cwd\":\"D:\\\\SKILLS\\\\WEB DEV\\\\amazon_clone\\\\ecommerce_backend\",\"node_version\":\"20.10.0\"}"}}
[debug] [2023-12-15T03:06:31.691Z] [runtime-status] [16544] Listening to port: \\?\pipe\fire_emu_9a626e11367678b9 {"metadata":{"emulator":{"name":"functions"},"function":{"name":"us-central1-api"},"extension":{},"message":"[runtime-status] [16544] Listening to port: \\\\?\\pipe\\fire_emu_9a626e11367678b9"}}
[debug] [2023-12-15T03:06:31.692Z] [runtime-status] [19200] Listening to port: \\?\pipe\fire_emu_aed8f919b39a60c2 {"metadata":{"emulator":{"name":"functions"},"function":{"name":"us-central1-api"},"extension":{},"message":"[runtime-status] [19200] Listening to port: \\\\?\\pipe\\fire_emu_aed8f919b39a60c2"}}
[debug] [2023-12-15T03:06:31.781Z] [worker-us-central1-api-c300e9b0-cfd0-4683-b695-300bd2b65e85]: IDLE {"metadata":{"emulator":{"name":"functions"},"function":{"name":"us-central1-api"},"extension":{},"message":"[worker-us-central1-api-c300e9b0-cfd0-4683-b695-300bd2b65e85]: IDLE"}}
[debug] [2023-12-15T03:06:31.782Z] [worker-pool] submitRequest(triggerId=us-central1-api) {"metadata":{"emulator":{"name":"functions"},"message":"[worker-pool] submitRequest(triggerId=us-central1-api)"}}
[info] i  functions: Beginning execution of "us-central1-api" {"metadata":{"emulator":{"name":"functions"},"function":{"name":"us-central1-api"},"extension":{},"message":"Beginning execution of \"us-central1-api\""}}
[debug] [2023-12-15T03:06:31.786Z] [worker-us-central1-api-c300e9b0-cfd0-4683-b695-300bd2b65e85]: BUSY {"metadata":{"emulator":{"name":"functions"},"function":{"name":"us-central1-api"},"extension":{},"message":"[worker-us-central1-api-c300e9b0-cfd0-4683-b695-300bd2b65e85]: BUSY"}}
[info] >  Payment has been received !!! for this amount >>>  75348 {"user":"Payment has been received !!! for this amount >>>  75348","metadata":{"emulator":{"name":"functions"},"function":{"name":"us-central1-api"},"extension":{},"message":"\u001b[90m> \u001b[39m Payment has been received !!! for this amount >>>  75348"}}
[debug] [2023-12-15T03:06:31.810Z] [worker-us-central1-api-feafa0f5-f556-4c74-a7bc-46b3a40ee40b]: IDLE {"metadata":{"emulator":{"name":"functions"},"function":{"name":"us-central1-api"},"extension":{},"message":"[worker-us-central1-api-feafa0f5-f556-4c74-a7bc-46b3a40ee40b]: IDLE"}}
[debug] [2023-12-15T03:06:31.810Z] [worker-pool] submitRequest(triggerId=us-central1-api) {"metadata":{"emulator":{"name":"functions"},"message":"[worker-pool] submitRequest(triggerId=us-central1-api)"}}
[info] i  functions: Beginning execution of "us-central1-api" {"metadata":{"emulator":{"name":"functions"},"function":{"name":"us-central1-api"},"extension":{},"message":"Beginning execution of \"us-central1-api\""}}
[debug] [2023-12-15T03:06:31.812Z] [worker-us-central1-api-feafa0f5-f556-4c74-a7bc-46b3a40ee40b]: BUSY {"metadata":{"emulator":{"name":"functions"},"function":{"name":"us-central1-api"},"extension":{},"message":"[worker-us-central1-api-feafa0f5-f556-4c74-a7bc-46b3a40ee40b]: BUSY"}}
[info] >  Payment has been received !!! for this amount >>>  75348 {"user":"Payment has been received !!! for this amount >>>  75348","metadata":{"emulator":{"name":"functions"},"function":{"name":"us-central1-api"},"extension":{},"message":"\u001b[90m> \u001b[39m Payment has been received !!! for this amount >>>  75348"}}
[debug] [2023-12-15T03:06:32.584Z] Finishing up request with event=pause {"metadata":{"emulator":{"name":"functions"},"function":{"name":"us-central1-api"},"extension":{},"message":"Finishing up request with event=pause"}}
[info] i  functions: Finished "us-central1-api" in 798.7168ms {"metadata":{"emulator":{"name":"functions"},"function":{"name":"us-central1-api"},"extension":{},"message":"Finished \"us-central1-api\" in 798.7168ms"}}
[debug] [2023-12-15T03:06:32.586Z] [worker-us-central1-api-c300e9b0-cfd0-4683-b695-300bd2b65e85]: IDLE {"metadata":{"emulator":{"name":"functions"},"function":{"name":"us-central1-api"},"extension":{},"message":"[worker-us-central1-api-c300e9b0-cfd0-4683-b695-300bd2b65e85]: IDLE"}}
[debug] [2023-12-15T03:06:32.586Z] Finishing up request with event=finish {"metadata":{"emulator":{"name":"functions"},"function":{"name":"us-central1-api"},"extension":{},"message":"Finishing up request with event=finish"}}
[debug] [2023-12-15T03:06:32.587Z] Finishing up request with event=close {"metadata":{"emulator":{"name":"functions"},"function":{"name":"us-central1-api"},"extension":{},"message":"Finishing up request with event=close"}}
[debug] [2023-12-15T03:06:32.587Z] [work-queue] {"queuedWork":[],"queueLength":0,"runningWork":["/clone-88808/us-central1/api/payments/create-2023-12-15T03:06:30.274Z"],"workRunningCount":1}
[debug] [2023-12-15T03:06:32.590Z] Finishing up request with event=pause {"metadata":{"emulator":{"name":"functions"},"function":{"name":"us-central1-api"},"extension":{},"message":"Finishing up request with event=pause"}}
[info] i  functions: Finished "us-central1-api" in 778.6313ms {"metadata":{"emulator":{"name":"functions"},"function":{"name":"us-central1-api"},"extension":{},"message":"Finished \"us-central1-api\" in 778.6313ms"}}
[debug] [2023-12-15T03:06:32.592Z] [worker-us-central1-api-feafa0f5-f556-4c74-a7bc-46b3a40ee40b]: IDLE {"metadata":{"emulator":{"name":"functions"},"function":{"name":"us-central1-api"},"extension":{},"message":"[worker-us-central1-api-feafa0f5-f556-4c74-a7bc-46b3a40ee40b]: IDLE"}}
[debug] [2023-12-15T03:06:32.592Z] Finishing up request with event=finish {"metadata":{"emulator":{"name":"functions"},"function":{"name":"us-central1-api"},"extension":{},"message":"Finishing up request with event=finish"}}
[debug] [2023-12-15T03:06:32.593Z] Finishing up request with event=close {"metadata":{"emulator":{"name":"functions"},"function":{"name":"us-central1-api"},"extension":{},"message":"Finishing up request with event=close"}}
[debug] [2023-12-15T03:06:32.593Z] [work-queue] {"queuedWork":[],"queueLength":0,"runningWork":[],"workRunningCount":0}
[debug] [2023-12-15T03:08:24.761Z] [work-queue] {"queuedWork":["/clone-88808/us-central1/api/payments/create-2023-12-15T03:08:24.761Z"],"queueLength":1,"runningWork":[],"workRunningCount":0}
[debug] [2023-12-15T03:08:24.762Z] [work-queue] {"queuedWork":[],"queueLength":0,"runningWork":["/clone-88808/us-central1/api/payments/create-2023-12-15T03:08:24.761Z"],"workRunningCount":1}
[debug] [2023-12-15T03:08:24.763Z] Accepted request POST /clone-88808/us-central1/api/payments/create?total=75348 --> us-central1-api
[debug] [2023-12-15T03:08:24.771Z] [functions] Runtime ready! Sending request! {"metadata":{"emulator":{"name":"functions"},"message":"[functions] Runtime ready! Sending request!"}}
[debug] [2023-12-15T03:08:24.771Z] [functions] Got req.url=/clone-88808/us-central1/api/payments/create?total=75348, mapping to path=/payments/create?total=75348 {"metadata":{"emulator":{"name":"functions"},"message":"[functions] Got req.url=/clone-88808/us-central1/api/payments/create?total=75348, mapping to path=/payments/create?total=75348"}}
[debug] [2023-12-15T03:08:24.772Z] [worker-pool] submitRequest(triggerId=us-central1-api) {"metadata":{"emulator":{"name":"functions"},"message":"[worker-pool] submitRequest(triggerId=us-central1-api)"}}
[info] i  functions: Beginning execution of "us-central1-api" {"metadata":{"emulator":{"name":"functions"},"function":{"name":"us-central1-api"},"extension":{},"message":"Beginning execution of \"us-central1-api\""}}
[debug] [2023-12-15T03:08:24.773Z] [worker-us-central1-api-c300e9b0-cfd0-4683-b695-300bd2b65e85]: BUSY {"metadata":{"emulator":{"name":"functions"},"function":{"name":"us-central1-api"},"extension":{},"message":"[worker-us-central1-api-c300e9b0-cfd0-4683-b695-300bd2b65e85]: BUSY"}}
[info] >  Payment has been received !!! for this amount >>>  75348 {"user":"Payment has been received !!! for this amount >>>  75348","metadata":{"emulator":{"name":"functions"},"function":{"name":"us-central1-api"},"extension":{},"message":"\u001b[90m> \u001b[39m Payment has been received !!! for this amount >>>  75348"}}
[debug] [2023-12-15T03:08:25.467Z] Finishing up request with event=pause {"metadata":{"emulator":{"name":"functions"},"function":{"name":"us-central1-api"},"extension":{},"message":"Finishing up request with event=pause"}}
[info] i  functions: Finished "us-central1-api" in 694.8856ms {"metadata":{"emulator":{"name":"functions"},"function":{"name":"us-central1-api"},"extension":{},"message":"Finished \"us-central1-api\" in 694.8856ms"}}
[debug] [2023-12-15T03:08:25.472Z] [worker-us-central1-api-c300e9b0-cfd0-4683-b695-300bd2b65e85]: IDLE {"metadata":{"emulator":{"name":"functions"},"function":{"name":"us-central1-api"},"extension":{},"message":"[worker-us-central1-api-c300e9b0-cfd0-4683-b695-300bd2b65e85]: IDLE"}}
[debug] [2023-12-15T03:08:25.472Z] Finishing up request with event=finish {"metadata":{"emulator":{"name":"functions"},"function":{"name":"us-central1-api"},"extension":{},"message":"Finishing up request with event=finish"}}
[debug] [2023-12-15T03:08:25.473Z] Finishing up request with event=close {"metadata":{"emulator":{"name":"functions"},"function":{"name":"us-central1-api"},"extension":{},"message":"Finishing up request with event=close"}}
[debug] [2023-12-15T03:08:25.473Z] [work-queue] {"queuedWork":[],"queueLength":0,"runningWork":[],"workRunningCount":0}
[debug] [2023-12-15T03:09:12.748Z] [work-queue] {"queuedWork":["/clone-88808/us-central1/api/payments/create-2023-12-15T03:09:12.748Z"],"queueLength":1,"runningWork":[],"workRunningCount":0}
[debug] [2023-12-15T03:09:12.748Z] [work-queue] {"queuedWork":[],"queueLength":0,"runningWork":["/clone-88808/us-central1/api/payments/create-2023-12-15T03:09:12.748Z"],"workRunningCount":1}
[debug] [2023-12-15T03:09:12.749Z] Accepted request POST /clone-88808/us-central1/api/payments/create?total=75348 --> us-central1-api
[debug] [2023-12-15T03:09:12.751Z] [functions] Runtime ready! Sending request! {"metadata":{"emulator":{"name":"functions"},"message":"[functions] Runtime ready! Sending request!"}}
[debug] [2023-12-15T03:09:12.752Z] [functions] Got req.url=/clone-88808/us-central1/api/payments/create?total=75348, mapping to path=/payments/create?total=75348 {"metadata":{"emulator":{"name":"functions"},"message":"[functions] Got req.url=/clone-88808/us-central1/api/payments/create?total=75348, mapping to path=/payments/create?total=75348"}}
[debug] [2023-12-15T03:09:12.752Z] [worker-pool] submitRequest(triggerId=us-central1-api) {"metadata":{"emulator":{"name":"functions"},"message":"[worker-pool] submitRequest(triggerId=us-central1-api)"}}
[info] i  functions: Beginning execution of "us-central1-api" {"metadata":{"emulator":{"name":"functions"},"function":{"name":"us-central1-api"},"extension":{},"message":"Beginning execution of \"us-central1-api\""}}
[debug] [2023-12-15T03:09:12.753Z] [worker-us-central1-api-c300e9b0-cfd0-4683-b695-300bd2b65e85]: BUSY {"metadata":{"emulator":{"name":"functions"},"function":{"name":"us-central1-api"},"extension":{},"message":"[worker-us-central1-api-c300e9b0-cfd0-4683-b695-300bd2b65e85]: BUSY"}}
[info] >  Payment has been received !!! for this amount >>>  75348 {"user":"Payment has been received !!! for this amount >>>  75348","metadata":{"emulator":{"name":"functions"},"function":{"name":"us-central1-api"},"extension":{},"message":"\u001b[90m> \u001b[39m Payment has been received !!! for this amount >>>  75348"}}
[debug] [2023-12-15T03:09:13.076Z] Finishing up request with event=pause {"metadata":{"emulator":{"name":"functions"},"function":{"name":"us-central1-api"},"extension":{},"message":"Finishing up request with event=pause"}}
[info] i  functions: Finished "us-central1-api" in 323.5291ms {"metadata":{"emulator":{"name":"functions"},"function":{"name":"us-central1-api"},"extension":{},"message":"Finished \"us-central1-api\" in 323.5291ms"}}
[debug] [2023-12-15T03:09:13.078Z] [worker-us-central1-api-c300e9b0-cfd0-4683-b695-300bd2b65e85]: IDLE {"metadata":{"emulator":{"name":"functions"},"function":{"name":"us-central1-api"},"extension":{},"message":"[worker-us-central1-api-c300e9b0-cfd0-4683-b695-300bd2b65e85]: IDLE"}}
[debug] [2023-12-15T03:09:13.079Z] Finishing up request with event=finish {"metadata":{"emulator":{"name":"functions"},"function":{"name":"us-central1-api"},"extension":{},"message":"Finishing up request with event=finish"}}
[debug] [2023-12-15T03:09:13.080Z] Finishing up request with event=close {"metadata":{"emulator":{"name":"functions"},"function":{"name":"us-central1-api"},"extension":{},"message":"Finishing up request with event=close"}}
[debug] [2023-12-15T03:09:13.080Z] [work-queue] {"queuedWork":[],"queueLength":0,"runningWork":[],"workRunningCount":0}
[debug] [2023-12-15T03:09:19.824Z] [work-queue] {"queuedWork":["/clone-88808/us-central1/api/payments/create-2023-12-15T03:09:19.824Z"],"queueLength":1,"runningWork":[],"workRunningCount":0}
[debug] [2023-12-15T03:09:19.825Z] [work-queue] {"queuedWork":[],"queueLength":0,"runningWork":["/clone-88808/us-central1/api/payments/create-2023-12-15T03:09:19.824Z"],"workRunningCount":1}
[debug] [2023-12-15T03:09:19.825Z] Accepted request POST /clone-88808/us-central1/api/payments/create?total=75348 --> us-central1-api
[debug] [2023-12-15T03:09:19.832Z] [functions] Runtime ready! Sending request! {"metadata":{"emulator":{"name":"functions"},"message":"[functions] Runtime ready! Sending request!"}}
[debug] [2023-12-15T03:09:19.832Z] [functions] Got req.url=/clone-88808/us-central1/api/payments/create?total=75348, mapping to path=/payments/create?total=75348 {"metadata":{"emulator":{"name":"functions"},"message":"[functions] Got req.url=/clone-88808/us-central1/api/payments/create?total=75348, mapping to path=/payments/create?total=75348"}}
[debug] [2023-12-15T03:09:19.833Z] [worker-pool] submitRequest(triggerId=us-central1-api) {"metadata":{"emulator":{"name":"functions"},"message":"[worker-pool] submitRequest(triggerId=us-central1-api)"}}
[info] i  functions: Beginning execution of "us-central1-api" {"metadata":{"emulator":{"name":"functions"},"function":{"name":"us-central1-api"},"extension":{},"message":"Beginning execution of \"us-central1-api\""}}
[debug] [2023-12-15T03:09:19.834Z] [worker-us-central1-api-c300e9b0-cfd0-4683-b695-300bd2b65e85]: BUSY {"metadata":{"emulator":{"name":"functions"},"function":{"name":"us-central1-api"},"extension":{},"message":"[worker-us-central1-api-c300e9b0-cfd0-4683-b695-300bd2b65e85]: BUSY"}}
[debug] [2023-12-15T03:09:19.842Z] [work-queue] {"queuedWork":["/clone-88808/us-central1/api/payments/create-2023-12-15T03:09:19.842Z"],"queueLength":1,"runningWork":["/clone-88808/us-central1/api/payments/create-2023-12-15T03:09:19.824Z"],"workRunningCount":1}
[debug] [2023-12-15T03:09:19.843Z] [work-queue] {"queuedWork":[],"queueLength":0,"runningWork":["/clone-88808/us-central1/api/payments/create-2023-12-15T03:09:19.824Z","/clone-88808/us-central1/api/payments/create-2023-12-15T03:09:19.842Z"],"workRunningCount":2}
[debug] [2023-12-15T03:09:19.843Z] Accepted request POST /clone-88808/us-central1/api/payments/create?total=75348 --> us-central1-api
[debug] [2023-12-15T03:09:19.851Z] [functions] Runtime ready! Sending request! {"metadata":{"emulator":{"name":"functions"},"message":"[functions] Runtime ready! Sending request!"}}
[debug] [2023-12-15T03:09:19.852Z] [functions] Got req.url=/clone-88808/us-central1/api/payments/create?total=75348, mapping to path=/payments/create?total=75348 {"metadata":{"emulator":{"name":"functions"},"message":"[functions] Got req.url=/clone-88808/us-central1/api/payments/create?total=75348, mapping to path=/payments/create?total=75348"}}
[debug] [2023-12-15T03:09:19.853Z] [worker-pool] submitRequest(triggerId=us-central1-api) {"metadata":{"emulator":{"name":"functions"},"message":"[worker-pool] submitRequest(triggerId=us-central1-api)"}}
[info] i  functions: Beginning execution of "us-central1-api" {"metadata":{"emulator":{"name":"functions"},"function":{"name":"us-central1-api"},"extension":{},"message":"Beginning execution of \"us-central1-api\""}}
[debug] [2023-12-15T03:09:19.855Z] [worker-us-central1-api-feafa0f5-f556-4c74-a7bc-46b3a40ee40b]: BUSY {"metadata":{"emulator":{"name":"functions"},"function":{"name":"us-central1-api"},"extension":{},"message":"[worker-us-central1-api-feafa0f5-f556-4c74-a7bc-46b3a40ee40b]: BUSY"}}
[info] >  Payment has been received !!! for this amount >>>  75348 {"user":"Payment has been received !!! for this amount >>>  75348","metadata":{"emulator":{"name":"functions"},"function":{"name":"us-central1-api"},"extension":{},"message":"\u001b[90m> \u001b[39m Payment has been received !!! for this amount >>>  75348"}}
[info] >  Payment has been received !!! for this amount >>>  75348 {"user":"Payment has been received !!! for this amount >>>  75348","metadata":{"emulator":{"name":"functions"},"function":{"name":"us-central1-api"},"extension":{},"message":"\u001b[90m> \u001b[39m Payment has been received !!! for this amount >>>  75348"}}
[debug] [2023-12-15T03:09:20.250Z] Finishing up request with event=pause {"metadata":{"emulator":{"name":"functions"},"function":{"name":"us-central1-api"},"extension":{},"message":"Finishing up request with event=pause"}}
[info] i  functions: Finished "us-central1-api" in 416.6484ms {"metadata":{"emulator":{"name":"functions"},"function":{"name":"us-central1-api"},"extension":{},"message":"Finished \"us-central1-api\" in 416.6484ms"}}
[debug] [2023-12-15T03:09:20.252Z] [worker-us-central1-api-c300e9b0-cfd0-4683-b695-300bd2b65e85]: IDLE {"metadata":{"emulator":{"name":"functions"},"function":{"name":"us-central1-api"},"extension":{},"message":"[worker-us-central1-api-c300e9b0-cfd0-4683-b695-300bd2b65e85]: IDLE"}}
[debug] [2023-12-15T03:09:20.253Z] Finishing up request with event=finish {"metadata":{"emulator":{"name":"functions"},"function":{"name":"us-central1-api"},"extension":{},"message":"Finishing up request with event=finish"}}
[debug] [2023-12-15T03:09:20.256Z] Finishing up request with event=close {"metadata":{"emulator":{"name":"functions"},"function":{"name":"us-central1-api"},"extension":{},"message":"Finishing up request with event=close"}}
[debug] [2023-12-15T03:09:20.257Z] [work-queue] {"queuedWork":[],"queueLength":0,"runningWork":["/clone-88808/us-central1/api/payments/create-2023-12-15T03:09:19.842Z"],"workRunningCount":1}
[debug] [2023-12-15T03:09:20.394Z] Finishing up request with event=pause {"metadata":{"emulator":{"name":"functions"},"function":{"name":"us-central1-api"},"extension":{},"message":"Finishing up request with event=pause"}}
[info] i  functions: Finished "us-central1-api" in 539.6794ms {"metadata":{"emulator":{"name":"functions"},"function":{"name":"us-central1-api"},"extension":{},"message":"Finished \"us-central1-api\" in 539.6794ms"}}
[debug] [2023-12-15T03:09:20.396Z] [worker-us-central1-api-feafa0f5-f556-4c74-a7bc-46b3a40ee40b]: IDLE {"metadata":{"emulator":{"name":"functions"},"function":{"name":"us-central1-api"},"extension":{},"message":"[worker-us-central1-api-feafa0f5-f556-4c74-a7bc-46b3a40ee40b]: IDLE"}}
[debug] [2023-12-15T03:09:20.396Z] Finishing up request with event=finish {"metadata":{"emulator":{"name":"functions"},"function":{"name":"us-central1-api"},"extension":{},"message":"Finishing up request with event=finish"}}
[debug] [2023-12-15T03:09:20.397Z] Finishing up request with event=close {"metadata":{"emulator":{"name":"functions"},"function":{"name":"us-central1-api"},"extension":{},"message":"Finishing up request with event=close"}}
[debug] [2023-12-15T03:09:20.397Z] [work-queue] {"queuedWork":[],"queueLength":0,"runningWork":[],"workRunningCount":0}
